mode: set
testing/benchmark.go:25.27,29.2 3 1
testing/benchmark.go:44.47,45.13 1 1
testing/benchmark.go:48.2,48.21 1 1
testing/benchmark.go:45.13,47.3 1 0
testing/benchmark.go:51.51,52.31 1 0
testing/benchmark.go:60.2,61.53 2 0
testing/benchmark.go:64.2,65.12 2 0
testing/benchmark.go:52.31,54.54 2 0
testing/benchmark.go:57.3,58.13 2 0
testing/benchmark.go:54.54,56.4 1 0
testing/benchmark.go:61.53,63.3 1 0
testing/benchmark.go:122.26,123.16 1 1
testing/benchmark.go:123.16,129.3 5 1
testing/benchmark.go:135.25,136.15 1 1
testing/benchmark.go:136.15,142.3 5 1
testing/benchmark.go:148.26,149.20 1 1
testing/benchmark.go:158.2,158.15 1 1
testing/benchmark.go:164.2,166.16 3 1
testing/benchmark.go:149.20,153.3 1 1
testing/benchmark.go:153.8,154.26 1 1
testing/benchmark.go:154.26,156.4 1 1
testing/benchmark.go:158.15,163.3 4 0
testing/benchmark.go:171.31,171.46 1 1
testing/benchmark.go:176.28,178.2 1 1
testing/benchmark.go:181.25,198.22 15 1
testing/benchmark.go:198.22,200.3 1 0
testing/benchmark.go:203.28,204.11 1 1
testing/benchmark.go:207.2,207.10 1 1
testing/benchmark.go:204.11,206.3 1 1
testing/benchmark.go:210.28,211.11 1 1
testing/benchmark.go:214.2,214.10 1 1
testing/benchmark.go:211.11,213.3 1 0
testing/benchmark.go:219.25,220.34 1 1
testing/benchmark.go:226.2,226.12 1 1
testing/benchmark.go:235.2,236.14 2 1
testing/benchmark.go:242.2,245.50 4 1
testing/benchmark.go:256.2,256.13 1 1
testing/benchmark.go:220.34,222.56 1 0
testing/benchmark.go:222.56,224.4 1 0
testing/benchmark.go:226.12,229.16 1 1
testing/benchmark.go:233.3,233.12 1 1
testing/benchmark.go:229.16,231.4 1 1
testing/benchmark.go:236.14,239.3 2 1
testing/benchmark.go:245.50,247.16 2 1
testing/benchmark.go:250.3,250.57 1 1
testing/benchmark.go:254.3,254.15 1 1
testing/benchmark.go:247.16,249.4 1 1
testing/benchmark.go:250.57,253.4 2 1
testing/benchmark.go:263.19,264.23 1 1
testing/benchmark.go:274.2,274.22 1 1
testing/benchmark.go:264.23,267.25 3 1
testing/benchmark.go:270.3,270.43 1 1
testing/benchmark.go:267.25,269.4 1 0
testing/benchmark.go:270.43,272.4 1 0
testing/benchmark.go:274.22,277.3 1 0
testing/benchmark.go:277.8,280.3 1 1
testing/benchmark.go:283.39,287.2 3 1
testing/benchmark.go:293.22,296.15 1 1
testing/benchmark.go:301.2,301.23 1 1
testing/benchmark.go:337.2,337.88 1 1
testing/benchmark.go:296.15,298.3 1 1
testing/benchmark.go:301.23,305.24 1 0
testing/benchmark.go:305.24,307.4 1 0
testing/benchmark.go:308.8,310.62 2 1
testing/benchmark.go:310.62,316.19 5 1
testing/benchmark.go:325.4,334.18 6 1
testing/benchmark.go:316.19,319.5 1 0
testing/benchmark.go:349.50,350.16 1 1
testing/benchmark.go:353.2,353.51 1 1
testing/benchmark.go:356.2,356.19 1 1
testing/benchmark.go:350.16,351.41 1 0
testing/benchmark.go:353.51,354.51 1 0
testing/benchmark.go:372.42,373.35 1 1
testing/benchmark.go:376.2,376.14 1 1
testing/benchmark.go:379.2,379.39 1 1
testing/benchmark.go:373.35,375.3 1 1
testing/benchmark.go:376.14,378.3 1 1
testing/benchmark.go:383.45,384.34 1 1
testing/benchmark.go:387.2,387.42 1 1
testing/benchmark.go:390.2,390.64 1 0
testing/benchmark.go:384.34,386.3 1 0
testing/benchmark.go:387.42,389.3 1 1
testing/benchmark.go:395.46,396.39 1 1
testing/benchmark.go:399.2,399.14 1 1
testing/benchmark.go:402.2,402.40 1 1
testing/benchmark.go:396.39,398.3 1 0
testing/benchmark.go:399.14,401.3 1 1
testing/benchmark.go:407.52,408.34 1 1
testing/benchmark.go:411.2,411.14 1 1
testing/benchmark.go:414.2,414.39 1 1
testing/benchmark.go:408.34,410.3 1 0
testing/benchmark.go:411.14,413.3 1 1
testing/benchmark.go:424.42,430.9 4 1
testing/benchmark.go:433.2,433.13 1 1
testing/benchmark.go:438.2,438.35 1 1
testing/benchmark.go:444.2,445.25 2 1
testing/benchmark.go:453.2,454.30 2 1
testing/benchmark.go:458.2,458.21 1 1
testing/benchmark.go:430.9,432.3 1 1
testing/benchmark.go:433.13,436.3 2 1
testing/benchmark.go:438.35,440.3 1 0
testing/benchmark.go:445.25,446.12 1 1
testing/benchmark.go:451.3,451.35 1 1
testing/benchmark.go:447.45,449.12 1 1
testing/benchmark.go:454.30,457.3 2 1
testing/benchmark.go:461.55,467.27 2 1
testing/benchmark.go:485.2,485.33 1 1
testing/benchmark.go:468.29,469.23 1 1
testing/benchmark.go:470.19,471.23 1 1
testing/benchmark.go:472.19,473.23 1 1
testing/benchmark.go:474.20,475.23 1 1
testing/benchmark.go:476.21,477.23 1 1
testing/benchmark.go:478.22,479.23 1 0
testing/benchmark.go:480.23,481.23 1 1
testing/benchmark.go:482.10,483.23 1 1
testing/benchmark.go:489.45,492.2 1 0
testing/benchmark.go:495.47,496.12 1 0
testing/benchmark.go:499.2,499.13 1 0
testing/benchmark.go:496.12,498.3 1 0
testing/benchmark.go:511.101,513.2 1 0
testing/benchmark.go:515.125,517.32 1 1
testing/benchmark.go:521.2,522.32 2 0
testing/benchmark.go:527.2,532.39 3 0
testing/benchmark.go:541.2,548.25 1 0
testing/benchmark.go:556.2,556.15 1 0
testing/benchmark.go:559.2,560.21 2 0
testing/benchmark.go:517.32,519.3 1 1
testing/benchmark.go:522.32,523.23 1 0
testing/benchmark.go:523.23,525.4 1 0
testing/benchmark.go:532.39,533.72 1 0
testing/benchmark.go:533.72,536.60 3 0
testing/benchmark.go:536.60,538.5 1 0
testing/benchmark.go:548.25,549.33 1 0
testing/benchmark.go:549.33,551.5 1 0
testing/benchmark.go:556.15,558.3 1 0
testing/benchmark.go:564.45,565.32 1 0
testing/benchmark.go:565.32,566.37 1 0
testing/benchmark.go:566.37,571.23 3 0
testing/benchmark.go:575.4,575.22 1 0
testing/benchmark.go:589.4,590.16 2 0
testing/benchmark.go:597.4,598.23 2 0
testing/benchmark.go:601.4,601.45 1 0
testing/benchmark.go:604.4,607.25 2 0
testing/benchmark.go:611.4,611.47 1 0
testing/benchmark.go:571.23,573.5 1 0
testing/benchmark.go:575.22,588.5 2 0
testing/benchmark.go:590.16,595.13 2 0
testing/benchmark.go:598.23,600.5 1 0
testing/benchmark.go:601.45,603.5 1 0
testing/benchmark.go:607.25,610.5 2 0
testing/benchmark.go:611.47,613.5 1 0
testing/benchmark.go:623.49,631.22 5 1
testing/benchmark.go:634.2,634.9 1 1
testing/benchmark.go:637.2,655.13 4 1
testing/benchmark.go:661.2,661.21 1 1
testing/benchmark.go:676.2,676.16 1 1
testing/benchmark.go:679.2,680.20 2 1
testing/benchmark.go:631.22,633.3 1 0
testing/benchmark.go:634.9,636.3 1 0
testing/benchmark.go:655.13,659.3 1 0
testing/benchmark.go:661.21,662.24 1 1
testing/benchmark.go:673.3,673.25 1 1
testing/benchmark.go:662.24,665.26 3 0
testing/benchmark.go:668.4,668.44 1 0
testing/benchmark.go:665.26,667.5 1 0
testing/benchmark.go:668.44,670.5 1 0
testing/benchmark.go:676.16,678.3 1 1
testing/benchmark.go:686.40,692.22 4 1
testing/benchmark.go:698.2,698.21 1 1
testing/benchmark.go:701.2,702.49 2 1
testing/benchmark.go:692.22,697.3 2 1
testing/benchmark.go:698.21,700.3 1 1
testing/benchmark.go:706.26,711.49 2 1
testing/benchmark.go:711.49,712.26 1 0
testing/benchmark.go:712.26,714.30 2 0
testing/benchmark.go:714.30,716.10 2 0
testing/benchmark.go:731.27,732.19 1 1
testing/benchmark.go:742.2,743.13 2 1
testing/benchmark.go:732.19,734.17 2 1
testing/benchmark.go:734.17,736.4 1 1
testing/benchmark.go:736.9,736.32 1 1
testing/benchmark.go:736.32,738.4 1 1
testing/benchmark.go:738.9,740.4 1 1
testing/benchmark.go:756.41,757.14 1 1
testing/benchmark.go:763.2,764.47 2 1
testing/benchmark.go:767.2,767.15 1 1
testing/benchmark.go:772.2,772.17 1 1
testing/benchmark.go:776.2,780.32 5 1
testing/benchmark.go:791.2,792.37 2 1
testing/benchmark.go:757.14,759.3 1 0
testing/benchmark.go:764.47,766.3 1 1
testing/benchmark.go:767.15,769.3 1 1
testing/benchmark.go:772.17,774.3 1 0
testing/benchmark.go:780.32,781.13 1 1
testing/benchmark.go:781.13,789.4 3 1
testing/benchmark.go:792.37,794.3 1 1
testing/benchmark.go:800.35,801.12 1 1
testing/benchmark.go:801.12,803.3 1 1
testing/benchmark.go:814.46,823.14 2 1
testing/benchmark.go:826.2,826.17 1 1
testing/benchmark.go:823.14,825.3 1 1
testing/benchmark.go:831.51,831.73 1 1
testing/example.go:24.105,27.2 2 0
testing/example.go:29.110,34.29 3 1
testing/example.go:49.2,49.16 1 1
testing/example.go:34.29,36.17 2 0
testing/example.go:40.3,40.15 1 0
testing/example.go:43.3,44.22 2 0
testing/example.go:36.17,39.4 2 0
testing/example.go:40.15,41.12 1 0
testing/example.go:44.22,46.4 1 0
testing/example.go:52.38,56.2 3 0
testing/example.go:67.129,73.18 6 0
testing/example.go:82.2,82.49 1 0
testing/example.go:89.2,89.22 1 0
testing/example.go:93.2,93.35 1 0
testing/example.go:97.2,97.8 1 0
testing/example.go:73.18,74.60 1 0
testing/example.go:74.60,76.4 1 0
testing/example.go:77.8,78.38 1 0
testing/example.go:78.38,80.4 1 0
testing/example.go:82.49,85.3 2 0
testing/example.go:85.8,85.20 1 0
testing/example.go:85.20,87.3 1 0
testing/example.go:89.22,91.19 1 0
testing/example.go:93.35,94.29 1 0
testing/fuzz.go:21.22,28.2 5 1
testing/fuzz.go:103.22,104.16 1 1
testing/fuzz.go:111.2,113.24 3 1
testing/fuzz.go:117.2,119.12 3 1
testing/fuzz.go:122.2,122.44 1 1
testing/fuzz.go:104.16,105.85 1 0
testing/fuzz.go:113.24,115.3 1 1
testing/fuzz.go:119.12,120.39 1 0
testing/fuzz.go:122.44,125.3 2 1
testing/fuzz.go:129.20,132.16 1 0
testing/fuzz.go:135.2,136.17 2 0
testing/fuzz.go:132.16,133.81 1 0
testing/fuzz.go:140.28,143.16 1 0
testing/fuzz.go:146.2,147.27 2 0
testing/fuzz.go:143.16,144.87 1 0
testing/fuzz.go:153.30,155.22 2 1
testing/fuzz.go:161.2,161.117 1 1
testing/fuzz.go:155.22,156.55 1 1
testing/fuzz.go:159.3,159.35 1 1
testing/fuzz.go:156.55,157.64 1 0
testing/fuzz.go:211.26,212.18 1 1
testing/fuzz.go:215.2,216.14 2 1
testing/fuzz.go:219.2,224.35 4 1
testing/fuzz.go:227.2,227.69 1 1
testing/fuzz.go:230.2,230.26 1 1
testing/fuzz.go:235.2,236.38 2 1
testing/fuzz.go:248.2,248.38 1 1
testing/fuzz.go:276.2,276.61 1 1
testing/fuzz.go:344.2,344.28 1 1
testing/fuzz.go:212.18,213.49 1 0
testing/fuzz.go:216.14,218.3 1 0
testing/fuzz.go:224.35,225.51 1 0
testing/fuzz.go:227.69,228.102 1 0
testing/fuzz.go:230.26,231.56 1 0
testing/fuzz.go:236.38,238.25 2 1
testing/fuzz.go:241.3,241.27 1 1
testing/fuzz.go:238.25,239.69 1 0
testing/fuzz.go:248.38,249.30 1 1
testing/fuzz.go:257.3,258.17 2 1
testing/fuzz.go:261.3,261.20 1 1
testing/fuzz.go:270.3,270.36 1 1
testing/fuzz.go:249.30,250.74 1 1
testing/fuzz.go:250.74,253.5 1 0
testing/fuzz.go:258.17,260.4 1 0
testing/fuzz.go:261.20,263.45 2 0
testing/fuzz.go:263.45,267.5 1 0
testing/fuzz.go:276.61,277.22 1 1
testing/fuzz.go:282.3,282.23 1 1
testing/fuzz.go:285.3,286.19 2 1
testing/fuzz.go:289.3,289.30 1 1
testing/fuzz.go:300.3,314.24 4 1
testing/fuzz.go:318.3,319.22 2 1
testing/fuzz.go:323.3,324.28 2 1
testing/fuzz.go:339.3,341.21 3 1
testing/fuzz.go:277.22,280.68 1 0
testing/fuzz.go:282.23,284.4 1 0
testing/fuzz.go:286.19,288.4 1 1
testing/fuzz.go:289.30,295.4 1 0
testing/fuzz.go:314.24,317.4 1 1
testing/fuzz.go:319.22,322.4 1 0
testing/fuzz.go:324.28,326.31 2 1
testing/fuzz.go:333.4,333.31 1 1
testing/fuzz.go:337.4,337.17 1 1
testing/fuzz.go:326.31,328.5 1 1
testing/fuzz.go:333.31,336.5 2 0
testing/fuzz.go:345.23,361.17 4 0
testing/fuzz.go:375.18,378.72 1 0
testing/fuzz.go:395.10,398.30 1 1
testing/fuzz.go:361.17,365.48 4 0
testing/fuzz.go:365.48,370.5 4 0
testing/fuzz.go:378.72,384.31 2 0
testing/fuzz.go:387.4,387.14 1 0
testing/fuzz.go:384.31,386.5 1 0
testing/fuzz.go:388.18,393.4 1 0
testing/fuzz.go:398.30,400.63 2 1
testing/fuzz.go:400.63,402.5 1 1
testing/fuzz.go:407.22,408.38 1 1
testing/fuzz.go:411.2,413.16 3 1
testing/fuzz.go:408.38,410.3 1 0
testing/fuzz.go:413.16,415.3 1 0
testing/fuzz.go:415.8,415.28 1 1
testing/fuzz.go:415.28,416.18 1 0
testing/fuzz.go:416.18,418.4 1 0
testing/fuzz.go:418.9,420.4 1 0
testing/fuzz.go:431.37,432.20 1 0
testing/fuzz.go:435.2,435.24 1 0
testing/fuzz.go:432.20,434.3 1 0
testing/fuzz.go:470.101,472.42 2 1
testing/fuzz.go:475.2,479.22 5 1
testing/fuzz.go:482.2,484.15 3 1
testing/fuzz.go:487.2,487.31 1 1
testing/fuzz.go:523.2,523.33 1 1
testing/fuzz.go:472.42,474.3 1 0
testing/fuzz.go:479.22,481.3 1 0
testing/fuzz.go:484.15,486.3 1 0
testing/fuzz.go:487.31,488.23 1 1
testing/fuzz.go:491.3,492.15 2 1
testing/fuzz.go:495.3,495.19 1 1
testing/fuzz.go:502.3,515.22 3 1
testing/fuzz.go:520.3,521.13 2 1
testing/fuzz.go:488.23,489.9 1 0
testing/fuzz.go:492.15,493.12 1 0
testing/fuzz.go:495.19,496.70 1 0
testing/fuzz.go:496.70,499.13 1 0
testing/fuzz.go:515.22,518.4 1 0
testing/fuzz.go:532.74,533.45 1 1
testing/fuzz.go:536.2,543.19 6 0
testing/fuzz.go:549.2,549.33 1 0
testing/fuzz.go:552.2,555.27 4 0
testing/fuzz.go:564.2,564.23 1 0
testing/fuzz.go:568.2,568.22 1 0
testing/fuzz.go:573.2,586.21 3 0
testing/fuzz.go:590.2,592.18 3 0
testing/fuzz.go:533.45,535.3 1 1
testing/fuzz.go:543.19,546.3 2 0
testing/fuzz.go:546.8,548.3 1 0
testing/fuzz.go:549.33,551.3 1 0
testing/fuzz.go:555.27,557.10 2 0
testing/fuzz.go:560.3,562.18 3 0
testing/fuzz.go:557.10,558.12 1 0
testing/fuzz.go:564.23,567.3 2 0
testing/fuzz.go:568.22,571.3 2 0
testing/fuzz.go:586.21,589.3 1 0
testing/fuzz.go:605.33,609.15 1 1
testing/fuzz.go:693.2,693.15 1 1
testing/fuzz.go:699.2,706.15 5 1
testing/fuzz.go:609.15,617.17 1 1
testing/fuzz.go:620.3,621.17 2 1
testing/fuzz.go:635.3,636.16 2 1
testing/fuzz.go:647.3,647.28 1 1
testing/fuzz.go:662.3,662.17 1 1
testing/fuzz.go:667.3,669.21 2 1
testing/fuzz.go:689.3,691.13 3 1
testing/fuzz.go:617.17,619.4 1 0
testing/fuzz.go:621.17,624.46 3 1
testing/fuzz.go:627.4,628.35 2 1
testing/fuzz.go:624.46,626.5 1 0
testing/fuzz.go:628.35,630.5 1 0
testing/fuzz.go:636.16,637.17 1 1
testing/fuzz.go:637.17,642.5 1 1
testing/fuzz.go:647.28,649.58 2 0
testing/fuzz.go:652.4,652.66 1 0
testing/fuzz.go:659.4,660.14 2 0
testing/fuzz.go:649.58,651.5 1 0
testing/fuzz.go:652.66,658.5 5 0
testing/fuzz.go:662.17,664.4 1 0
testing/fuzz.go:669.21,677.30 3 0
testing/fuzz.go:680.4,683.18 4 0
testing/fuzz.go:677.30,679.5 1 0
testing/fuzz.go:683.18,685.5 1 0
testing/fuzz.go:693.15,694.22 1 1
testing/fuzz.go:694.22,696.4 1 1
testing/match.go:50.98,52.20 2 1
testing/match.go:59.2,63.3 1 1
testing/match.go:52.20,54.56 2 1
testing/match.go:54.56,57.4 2 0
testing/match.go:66.87,72.29 4 1
testing/match.go:76.2,79.21 3 1
testing/match.go:85.2,87.26 3 1
testing/match.go:72.29,74.3 1 1
testing/match.go:79.21,81.3 1 1
testing/match.go:93.35,96.30 3 0
testing/match.go:96.30,98.3 1 0
testing/match.go:101.113,102.25 1 1
testing/match.go:110.2,110.33 1 1
testing/match.go:102.25,103.18 1 1
testing/match.go:106.3,106.41 1 1
testing/match.go:103.18,104.9 1 1
testing/match.go:106.41,108.4 1 1
testing/match.go:113.97,114.22 1 1
testing/match.go:118.2,118.22 1 1
testing/match.go:123.2,123.12 1 1
testing/match.go:114.22,116.3 1 1
testing/match.go:118.22,119.56 1 1
testing/match.go:119.56,121.4 1 1
testing/match.go:126.118,127.22 1 1
testing/match.go:132.2,132.21 1 1
testing/match.go:127.22,128.53 1 1
testing/match.go:128.53,130.4 1 1
testing/match.go:135.102,136.22 1 1
testing/match.go:141.2,141.12 1 1
testing/match.go:136.22,137.53 1 1
testing/match.go:137.53,139.4 1 0
testing/match.go:144.40,149.26 5 1
testing/match.go:187.2,188.17 2 1
testing/match.go:191.2,191.21 1 1
testing/match.go:149.26,150.15 1 1
testing/match.go:184.3,184.6 1 1
testing/match.go:151.12,152.8 1 1
testing/match.go:153.12,154.20 1 1
testing/match.go:157.12,158.15 1 1
testing/match.go:161.12,162.15 1 1
testing/match.go:165.13,166.7 1 1
testing/match.go:167.12,168.26 1 1
testing/match.go:174.12,175.26 1 1
testing/match.go:154.20,156.5 1 1
testing/match.go:158.15,160.5 1 1
testing/match.go:162.15,164.5 1 1
testing/match.go:168.26,172.13 4 1
testing/match.go:175.26,181.13 6 1
testing/match.go:188.17,190.3 1 1
testing/match.go:196.57,199.6 2 1
testing/match.go:199.6,201.12 2 1
testing/match.go:204.3,206.30 2 1
testing/match.go:217.3,218.28 2 1
testing/match.go:225.3,225.14 1 1
testing/match.go:201.12,202.35 1 0
testing/match.go:206.30,208.58 2 1
testing/match.go:214.4,214.15 1 1
testing/match.go:208.58,212.13 1 1
testing/match.go:218.28,222.12 1 1
testing/match.go:231.61,233.11 2 1
testing/match.go:237.2,238.62 2 1
testing/match.go:243.2,243.20 1 1
testing/match.go:251.2,252.25 2 1
testing/match.go:255.2,255.25 1 1
testing/match.go:233.11,235.3 1 1
testing/match.go:238.62,242.3 1 1
testing/match.go:243.20,244.38 1 1
testing/match.go:244.38,248.4 1 1
testing/match.go:252.25,254.3 1 1
testing/match.go:260.31,262.22 2 1
testing/match.go:273.2,273.18 1 1
testing/match.go:262.22,263.10 1 1
testing/match.go:264.19,265.22 1 1
testing/match.go:266.28,268.35 2 1
testing/match.go:269.11,270.31 1 1
testing/match.go:276.27,277.16 1 1
testing/match.go:292.2,292.14 1 1
testing/match.go:277.16,278.12 1 1
testing/match.go:280.62,281.15 1 1
testing/match.go:283.8,284.18 1 1
testing/match.go:287.3,287.12 1 1
testing/match.go:284.18,286.4 1 1
testing/match.go:288.47,289.15 1 1
testing/run_example.go:21.47,22.13 1 0
testing/run_example.go:27.2,29.16 3 0
testing/run_example.go:33.2,35.12 3 0
testing/run_example.go:46.2,50.15 3 0
testing/run_example.go:63.2,65.8 3 0
testing/run_example.go:22.13,24.3 1 0
testing/run_example.go:29.16,32.3 2 0
testing/run_example.go:35.12,39.17 4 0
testing/run_example.go:43.3,43.23 1 0
testing/run_example.go:39.17,42.4 2 0
testing/run_example.go:50.15,60.3 6 0
testing/allocs.go:20.53,32.28 6 1
testing/allocs.go:37.2,44.40 3 1
testing/allocs.go:32.28,34.3 1 1
testing/cover.go:48.25,50.42 2 0
testing/cover.go:58.2,58.12 1 0
testing/cover.go:61.2,61.32 1 0
testing/cover.go:50.42,51.27 1 0
testing/cover.go:51.27,52.43 1 0
testing/cover.go:55.4,55.7 1 0
testing/cover.go:52.43,54.5 1 0
testing/cover.go:58.12,60.3 1 0
testing/cover.go:67.29,69.2 1 1
testing/cover.go:72.27,73.16 1 1
testing/cover.go:73.16,76.3 2 0
testing/cover.go:80.20,83.25 3 1
testing/cover.go:90.2,92.43 3 1
testing/cover.go:111.2,111.16 1 0
testing/cover.go:115.2,115.109 1 0
testing/cover.go:83.25,87.16 4 1
testing/cover.go:87.16,87.40 1 0
testing/cover.go:92.43,94.25 2 1
testing/cover.go:94.25,98.17 4 1
testing/cover.go:101.4,101.16 1 1
testing/cover.go:98.17,100.5 1 1
testing/cover.go:101.16,108.5 2 1
testing/cover.go:111.16,114.3 2 0
testing/testing.go:371.13,372.13 1 1
testing/testing.go:375.2,413.17 25 1
testing/testing.go:372.13,374.3 1 0
testing/testing.go:455.51,457.2 1 1
testing/testing.go:462.71,472.2 4 1
testing/testing.go:476.70,480.22 3 1
testing/testing.go:487.2,487.35 1 1
testing/testing.go:480.22,482.3 1 0
testing/testing.go:482.8,482.35 1 1
testing/testing.go:482.35,485.3 2 1
testing/testing.go:535.19,536.18 1 1
testing/testing.go:540.2,540.20 1 1
testing/testing.go:544.2,544.15 1 1
testing/testing.go:536.18,537.45 1 0
testing/testing.go:540.20,541.46 1 0
testing/testing.go:550.25,552.2 1 0
testing/testing.go:555.21,557.19 1 1
testing/testing.go:560.2,560.20 1 1
testing/testing.go:563.2,563.16 1 1
testing/testing.go:557.19,558.47 1 0
testing/testing.go:560.20,561.48 1 0
testing/testing.go:566.43,567.16 1 1
testing/testing.go:567.16,568.102 1 0
testing/testing.go:577.52,581.15 2 1
testing/testing.go:586.2,590.12 3 1
testing/testing.go:593.2,595.44 3 1
testing/testing.go:645.2,645.19 1 0
testing/testing.go:581.15,582.19 1 1
testing/testing.go:582.19,584.4 1 1
testing/testing.go:590.12,591.39 1 0
testing/testing.go:595.44,597.42 2 1
testing/testing.go:600.3,600.38 1 1
testing/testing.go:604.3,604.25 1 1
testing/testing.go:607.3,607.33 1 1
testing/testing.go:634.3,634.27 1 1
testing/testing.go:640.3,640.50 1 1
testing/testing.go:597.42,598.12 1 1
testing/testing.go:600.38,602.12 2 1
testing/testing.go:604.25,606.4 1 1
testing/testing.go:607.33,614.19 1 1
testing/testing.go:631.4,631.20 1 1
testing/testing.go:614.19,620.21 3 1
testing/testing.go:623.5,629.13 4 1
testing/testing.go:620.21,622.6 1 0
testing/testing.go:634.27,636.32 2 1
testing/testing.go:636.32,638.5 1 1
testing/testing.go:640.50,643.4 1 1
testing/testing.go:651.54,655.16 4 1
testing/testing.go:665.2,665.15 1 1
testing/testing.go:668.2,673.48 5 1
testing/testing.go:676.2,676.29 1 1
testing/testing.go:683.2,684.21 2 1
testing/testing.go:655.16,657.56 1 1
testing/testing.go:657.56,659.4 1 1
testing/testing.go:659.9,659.63 1 0
testing/testing.go:659.63,661.4 1 0
testing/testing.go:662.8,664.3 1 0
testing/testing.go:665.15,667.3 1 0
testing/testing.go:673.48,675.3 1 1
testing/testing.go:676.29,677.12 1 1
testing/testing.go:681.3,681.24 1 1
testing/testing.go:677.12,680.4 1 0
testing/testing.go:689.70,697.23 6 1
testing/testing.go:703.2,703.42 1 1
testing/testing.go:697.23,701.3 3 1
testing/testing.go:703.42,714.3 1 1
testing/testing.go:714.8,718.3 1 1
testing/testing.go:725.54,727.17 2 1
testing/testing.go:741.2,741.8 1 1
testing/testing.go:727.17,729.16 2 1
testing/testing.go:736.3,739.14 4 1
testing/testing.go:729.16,731.4 1 0
testing/testing.go:731.9,733.4 1 1
testing/testing.go:745.42,747.2 1 1
testing/testing.go:795.29,795.30 0 0
testing/testing.go:802.32,804.2 1 1
testing/testing.go:806.27,807.21 1 1
testing/testing.go:810.2,812.14 3 1
testing/testing.go:807.21,809.3 1 1
testing/testing.go:816.25,817.21 1 1
testing/testing.go:820.2,823.12 3 1
testing/testing.go:826.2,826.17 1 1
testing/testing.go:817.21,819.3 1 1
testing/testing.go:823.12,824.64 1 1
testing/testing.go:830.32,835.2 4 1
testing/testing.go:845.28,872.2 6 1
testing/testing.go:875.32,877.2 1 1
testing/testing.go:880.48,883.12 3 1
testing/testing.go:883.12,886.65 1 1
testing/testing.go:894.3,894.69 1 1
testing/testing.go:886.65,889.20 3 1
testing/testing.go:889.20,892.5 2 1
testing/testing.go:895.8,896.22 1 1
testing/testing.go:907.3,907.57 1 1
testing/testing.go:896.22,897.15 1 1
testing/testing.go:905.4,905.10 1 1
testing/testing.go:897.15,901.5 1 0
testing/testing.go:901.10,903.5 1 1
testing/testing.go:915.35,918.2 2 1
testing/testing.go:925.51,928.2 2 1
testing/testing.go:931.37,935.2 3 1
testing/testing.go:938.53,942.2 3 1
testing/testing.go:945.37,949.2 3 1
testing/testing.go:952.53,956.2 3 1
testing/testing.go:959.36,963.2 3 1
testing/testing.go:966.52,970.2 3 0
testing/testing.go:980.28,987.2 6 1
testing/testing.go:990.33,994.2 3 1
testing/testing.go:999.27,1002.24 3 1
testing/testing.go:1006.2,1008.12 3 1
testing/testing.go:1011.2,1011.44 1 1
testing/testing.go:1002.24,1004.3 1 1
testing/testing.go:1008.12,1009.39 1 0
testing/testing.go:1011.44,1014.3 2 1
testing/testing.go:1020.36,1027.15 5 1
testing/testing.go:1044.2,1046.37 3 1
testing/testing.go:1027.15,1028.16 1 1
testing/testing.go:1035.3,1041.6 6 1
testing/testing.go:1028.16,1033.4 4 1
testing/testing.go:1054.35,1060.21 4 1
testing/testing.go:1070.2,1070.17 1 1
testing/testing.go:1102.2,1104.25 2 1
testing/testing.go:1107.2,1109.44 3 1
testing/testing.go:1112.2,1112.12 1 1
testing/testing.go:1060.21,1062.3 1 1
testing/testing.go:1062.8,1065.33 3 1
testing/testing.go:1065.33,1067.4 1 0
testing/testing.go:1070.17,1076.31 2 1
testing/testing.go:1092.3,1094.26 3 1
testing/testing.go:1076.31,1077.25 1 1
testing/testing.go:1090.4,1090.13 1 1
testing/testing.go:1077.25,1081.27 2 1
testing/testing.go:1084.5,1084.41 1 1
testing/testing.go:1081.27,1083.6 1 1
testing/testing.go:1084.41,1086.6 1 1
testing/testing.go:1087.10,1087.57 1 1
testing/testing.go:1087.57,1089.5 1 1
testing/testing.go:1094.26,1095.21 1 1
testing/testing.go:1095.21,1096.48 1 1
testing/testing.go:1096.48,1098.6 1 0
testing/testing.go:1104.25,1106.3 1 0
testing/testing.go:1109.44,1111.3 1 0
testing/testing.go:1124.35,1130.6 3 1
testing/testing.go:1130.6,1132.31 2 1
testing/testing.go:1135.3,1135.21 1 0
testing/testing.go:1140.3,1141.60 2 0
testing/testing.go:1132.31,1134.4 1 1
testing/testing.go:1135.21,1137.4 1 0
testing/testing.go:1137.9,1137.71 1 0
testing/testing.go:1137.71,1139.4 1 0
testing/testing.go:1150.44,1154.46 3 1
testing/testing.go:1158.2,1158.8 1 1
testing/testing.go:1154.46,1156.3 1 0
testing/testing.go:1158.8,1159.20 1 1
testing/testing.go:1159.20,1161.4 1 1
testing/testing.go:1162.8,1163.20 1 1
testing/testing.go:1163.20,1165.4 1 1
testing/testing.go:1180.62,1181.33 1 1
testing/testing.go:1189.2,1189.15 1 1
testing/testing.go:1198.2,1198.6 1 1
testing/testing.go:1181.33,1182.16 1 1
testing/testing.go:1182.16,1184.4 1 1
testing/testing.go:1189.15,1193.12 4 1
testing/testing.go:1193.12,1195.4 1 1
testing/testing.go:1198.6,1201.26 3 1
testing/testing.go:1206.3,1207.21 2 1
testing/testing.go:1210.3,1210.12 1 1
testing/testing.go:1201.26,1205.4 3 1
testing/testing.go:1207.21,1209.4 1 1
testing/testing.go:1216.34,1219.12 3 1
testing/testing.go:1222.2,1222.24 1 1
testing/testing.go:1219.12,1220.39 1 0
testing/testing.go:1225.34,1230.2 4 1
testing/testing.go:1236.24,1237.18 1 1
testing/testing.go:1240.2,1240.16 1 1
testing/testing.go:1243.2,1244.29 2 1
testing/testing.go:1254.2,1260.21 4 1
testing/testing.go:1270.2,1274.21 4 1
testing/testing.go:1278.2,1279.32 2 1
testing/testing.go:1237.18,1238.53 1 0
testing/testing.go:1240.16,1241.105 1 1
testing/testing.go:1244.29,1249.3 1 0
testing/testing.go:1260.21,1268.3 1 0
testing/testing.go:1274.21,1276.3 1 0
testing/testing.go:1287.39,1288.18 1 1
testing/testing.go:1292.2,1294.29 2 1
testing/testing.go:1288.18,1289.105 1 1
testing/testing.go:1306.35,1313.15 2 1
testing/testing.go:1438.2,1438.15 1 1
testing/testing.go:1444.2,1451.15 6 1
testing/testing.go:1313.15,1314.17 1 1
testing/testing.go:1318.3,1318.37 1 1
testing/testing.go:1330.3,1336.30 6 1
testing/testing.go:1351.3,1351.40 1 1
testing/testing.go:1365.3,1366.16 2 1
testing/testing.go:1379.3,1379.28 1 1
testing/testing.go:1398.3,1398.17 1 1
testing/testing.go:1402.3,1404.21 2 1
testing/testing.go:1429.3,1434.58 3 1
testing/testing.go:1314.17,1316.4 1 1
testing/testing.go:1318.37,1320.4 1 0
testing/testing.go:1336.30,1338.46 2 1
testing/testing.go:1338.46,1342.17 4 1
testing/testing.go:1342.17,1346.11 4 1
testing/testing.go:1351.40,1353.34 2 0
testing/testing.go:1356.4,1360.13 5 0
testing/testing.go:1353.34,1355.5 1 0
testing/testing.go:1366.16,1367.16 1 1
testing/testing.go:1370.4,1370.18 1 1
testing/testing.go:1376.4,1376.22 1 1
testing/testing.go:1367.16,1369.5 1 0
testing/testing.go:1370.18,1371.15 1 0
testing/testing.go:1379.28,1381.58 2 0
testing/testing.go:1385.4,1385.66 1 0
testing/testing.go:1395.4,1396.14 2 0
testing/testing.go:1381.58,1383.5 1 0
testing/testing.go:1385.66,1391.69 6 0
testing/testing.go:1391.69,1393.6 1 0
testing/testing.go:1398.17,1400.4 1 0
testing/testing.go:1404.21,1411.30 3 1
testing/testing.go:1414.4,1417.18 4 1
testing/testing.go:1420.4,1420.21 1 1
testing/testing.go:1411.30,1413.5 1 1
testing/testing.go:1417.18,1419.5 1 0
testing/testing.go:1420.21,1423.5 1 1
testing/testing.go:1424.9,1424.26 1 1
testing/testing.go:1424.26,1428.4 1 1
testing/testing.go:1434.58,1436.4 1 1
testing/testing.go:1438.15,1439.22 1 1
testing/testing.go:1439.22,1441.4 1 1
testing/testing.go:1460.49,1463.29 3 1
testing/testing.go:1469.2,1485.21 5 1
testing/testing.go:1493.2,1494.17 2 1
testing/testing.go:1499.2,1499.18 1 1
testing/testing.go:1463.29,1465.3 1 0
testing/testing.go:1485.21,1487.3 1 1
testing/testing.go:1494.17,1498.3 1 1
testing/testing.go:1506.54,1509.2 2 0
testing/testing.go:1539.63,1546.2 1 1
testing/testing.go:1548.38,1550.31 2 1
testing/testing.go:1555.2,1557.19 3 1
testing/testing.go:1550.31,1554.3 3 1
testing/testing.go:1560.33,1562.23 2 1
testing/testing.go:1567.2,1569.25 3 1
testing/testing.go:1562.23,1566.3 3 1
testing/testing.go:1578.71,1578.93 1 0
testing/testing.go:1579.71,1579.89 1 0
testing/testing.go:1580.72,1580.73 0 0
testing/testing.go:1581.71,1581.89 1 0
testing/testing.go:1582.71,1582.84 1 0
testing/testing.go:1583.72,1583.73 0 0
testing/testing.go:1584.71,1584.89 1 0
testing/testing.go:1585.72,1585.73 0 0
testing/testing.go:1586.146,1588.2 1 0
testing/testing.go:1589.71,1589.89 1 0
testing/testing.go:1590.84,1592.2 1 0
testing/testing.go:1593.67,1593.81 1 0
testing/testing.go:1594.68,1594.69 0 0
testing/testing.go:1595.68,1595.69 0 0
testing/testing.go:1603.142,1605.2 1 0
testing/testing.go:1649.150,1658.2 2 1
testing/testing.go:1661.30,1662.15 1 1
testing/testing.go:1670.2,1673.20 2 1
testing/testing.go:1677.2,1677.19 1 1
testing/testing.go:1683.2,1683.45 1 1
testing/testing.go:1690.2,1690.26 1 1
testing/testing.go:1696.2,1696.23 1 1
testing/testing.go:1715.2,1723.20 4 1
testing/testing.go:1740.2,1741.16 2 1
testing/testing.go:1751.2,1752.20 2 1
testing/testing.go:1755.2,1755.8 1 1
testing/testing.go:1662.15,1664.3 1 0
testing/testing.go:1673.20,1675.3 1 1
testing/testing.go:1677.19,1682.3 4 0
testing/testing.go:1683.45,1688.3 4 0
testing/testing.go:1690.26,1694.3 3 0
testing/testing.go:1696.23,1699.23 3 0
testing/testing.go:1709.3,1711.44 3 0
testing/testing.go:1712.3,1712.49 1 0
testing/testing.go:1699.23,1701.4 1 0
testing/testing.go:1701.9,1703.18 2 0
testing/testing.go:1703.18,1707.5 3 0
testing/testing.go:1711.44,1711.95 1 0
testing/testing.go:1712.49,1712.120 1 0
testing/testing.go:1723.20,1730.95 7 1
testing/testing.go:1733.3,1733.140 1 1
testing/testing.go:1730.95,1732.4 1 0
testing/testing.go:1733.140,1737.4 3 0
testing/testing.go:1741.16,1743.20 2 0
testing/testing.go:1748.3,1748.9 1 0
testing/testing.go:1743.20,1745.4 1 0
testing/testing.go:1745.9,1747.4 1 0
testing/testing.go:1752.20,1754.3 1 1
testing/testing.go:1758.22,1759.21 1 1
testing/testing.go:1762.2,1764.16 3 1
testing/testing.go:1759.21,1761.3 1 1
testing/testing.go:1764.16,1766.3 1 1
testing/testing.go:1766.8,1766.28 1 1
testing/testing.go:1766.28,1767.18 1 1
testing/testing.go:1767.18,1769.4 1 1
testing/testing.go:1769.9,1771.4 1 1
testing/testing.go:1775.181,1776.64 1 0
testing/testing.go:1781.2,1781.29 1 0
testing/testing.go:1786.2,1786.35 1 0
testing/testing.go:1791.2,1791.41 1 0
testing/testing.go:1796.2,1796.35 1 0
testing/testing.go:1776.64,1779.3 2 0
testing/testing.go:1781.29,1782.54 1 0
testing/testing.go:1782.54,1784.4 1 0
testing/testing.go:1786.35,1787.55 1 0
testing/testing.go:1787.55,1789.4 1 0
testing/testing.go:1791.41,1792.60 1 0
testing/testing.go:1792.60,1794.4 1 0
testing/testing.go:1796.35,1797.57 1 0
testing/testing.go:1797.57,1799.4 1 0
testing/testing.go:1805.96,1807.18 2 0
testing/testing.go:1810.2,1811.27 2 0
testing/testing.go:1814.2,1814.11 1 0
testing/testing.go:1807.18,1809.3 1 0
testing/testing.go:1811.27,1813.3 1 0
testing/testing.go:1817.121,1819.32 2 1
testing/testing.go:1858.2,1858.16 1 1
testing/testing.go:1819.32,1821.37 2 1
testing/testing.go:1821.37,1822.24 1 1
testing/testing.go:1825.4,1825.21 1 1
testing/testing.go:1831.4,1841.17 4 1
testing/testing.go:1844.4,1844.26 1 1
testing/testing.go:1849.4,1849.11 1 1
testing/testing.go:1854.4,1855.22 2 1
testing/testing.go:1822.24,1823.10 1 0
testing/testing.go:1825.21,1829.10 1 0
testing/testing.go:1841.17,1843.5 1 0
testing/testing.go:1844.26,1845.32 1 1
testing/testing.go:1845.32,1847.6 1 1
testing/testing.go:1850.20,1850.20 0 1
testing/testing.go:1851.12,1852.72 1 0
testing/testing.go:1862.22,1863.25 1 1
testing/testing.go:1866.2,1866.23 1 1
testing/testing.go:1879.2,1879.22 1 1
testing/testing.go:1892.2,1892.51 1 1
testing/testing.go:1895.2,1895.55 1 1
testing/testing.go:1898.2,1898.45 1 1
testing/testing.go:1902.2,1902.20 1 1
testing/testing.go:1922.2,1922.19 1 1
testing/testing.go:1863.25,1865.3 1 0
testing/testing.go:1866.23,1868.17 2 0
testing/testing.go:1872.3,1872.51 1 0
testing/testing.go:1868.17,1871.4 2 0
testing/testing.go:1872.51,1876.4 3 0
testing/testing.go:1879.22,1881.17 2 0
testing/testing.go:1885.3,1885.40 1 0
testing/testing.go:1881.17,1884.4 2 0
testing/testing.go:1885.40,1889.4 3 0
testing/testing.go:1892.51,1894.3 1 0
testing/testing.go:1895.55,1897.3 1 0
testing/testing.go:1898.45,1901.3 2 0
testing/testing.go:1902.20,1907.20 3 0
testing/testing.go:1915.3,1915.17 1 0
testing/testing.go:1919.3,1920.18 2 0
testing/testing.go:1907.20,1909.4 1 0
testing/testing.go:1909.9,1911.18 2 0
testing/testing.go:1911.18,1913.5 1 0
testing/testing.go:1915.17,1918.4 2 0
testing/testing.go:1922.19,1924.3 1 1
testing/testing.go:1928.21,1929.24 1 1
testing/testing.go:1936.2,1936.19 1 0
testing/testing.go:1929.24,1931.3 1 1
testing/testing.go:1936.19,1938.3 1 0
testing/testing.go:1941.29,1942.20 1 1
testing/testing.go:1952.2,1952.23 1 1
testing/testing.go:1955.2,1955.22 1 1
testing/testing.go:1958.2,1958.23 1 1
testing/testing.go:1971.2,1971.51 1 1
testing/testing.go:1983.2,1983.55 1 1
testing/testing.go:1995.2,1995.22 1 1
testing/testing.go:1942.20,1943.46 1 0
testing/testing.go:1947.3,1947.45 1 0
testing/testing.go:1943.46,1946.4 2 0
testing/testing.go:1947.45,1950.4 2 0
testing/testing.go:1952.23,1954.3 1 0
testing/testing.go:1955.22,1957.3 1 0
testing/testing.go:1958.23,1960.17 2 0
testing/testing.go:1964.3,1965.62 2 0
testing/testing.go:1969.3,1969.12 1 0
testing/testing.go:1960.17,1963.4 2 0
testing/testing.go:1965.62,1968.4 2 0
testing/testing.go:1971.51,1973.17 2 0
testing/testing.go:1977.3,1977.61 1 0
testing/testing.go:1981.3,1981.12 1 0
testing/testing.go:1973.17,1976.4 2 0
testing/testing.go:1977.61,1980.4 2 0
testing/testing.go:1983.55,1985.17 2 0
testing/testing.go:1989.3,1989.61 1 0
testing/testing.go:1993.3,1993.12 1 0
testing/testing.go:1985.17,1988.4 2 0
testing/testing.go:1989.61,1992.4 2 0
testing/testing.go:1995.22,1997.3 1 1
testing/testing.go:2002.38,2003.36 1 1
testing/testing.go:2013.2,2013.49 1 0
testing/testing.go:2020.2,2020.33 1 0
testing/testing.go:2023.2,2023.66 1 0
testing/testing.go:2003.36,2005.3 1 1
testing/testing.go:2013.49,2015.89 2 0
testing/testing.go:2015.89,2018.4 1 0
testing/testing.go:2020.33,2022.3 1 0
testing/testing.go:2027.36,2028.19 1 1
testing/testing.go:2032.2,2033.44 2 1
testing/testing.go:2038.2,2038.17 1 1
testing/testing.go:2028.19,2030.3 1 0
testing/testing.go:2033.44,2036.58 3 0
testing/testing.go:2042.25,2043.18 1 1
testing/testing.go:2043.18,2045.3 1 1
testing/testing.go:2048.21,2049.54 1 1
testing/testing.go:2061.2,2061.20 1 1
testing/testing.go:2049.54,2051.16 2 1
testing/testing.go:2054.3,2055.29 2 0
testing/testing.go:2059.3,2059.33 1 0
testing/testing.go:2051.16,2052.12 1 1
testing/testing.go:2055.29,2058.4 2 0
testing/testing.go:2061.20,2063.3 1 1
testing/testing.go:2066.28,2068.2 1 1
testing/testing_other.go:11.41,13.2 1 1
